*** PF INFO ***
Time: Mon Apr  8 20:25:31 2024
System: C:/Users/milda/OneDrive/Desktop/GitHub/VRM_2024_Milos_Uhlir/project_1/Virtual Controllers/Controller2
RobotWare: 7.12.0
RobotControl: 7.12.0
Shutdown type: 1 mode: 1 reason: 1
Image lost in previous shutdown: no
Restart counter: 0
CFG counter value: 7287
Unfinished crit sec: 0

*** PF INFO ***
Time: Mon Apr  8 21:09:41 2024
System: C:/Users/milda/OneDrive/Desktop/GitHub/VRM_2024_Milos_Uhlir/project_1/Virtual Controllers/Controller2
RobotWare: 7.12.0
RobotControl: 7.12.0
Shutdown type: 1 mode: 1 reason: 1
Image lost in previous shutdown: no
Restart counter: 1
CFG counter value: 7628
Unfinished crit sec: 0

*** PF INFO ***
Time: Mon Apr  8 21:10:37 2024
System: C:/Users/milda/OneDrive/Desktop/GitHub/VRM_2024_Milos_Uhlir/project_1/Virtual Controllers/Controller2
RobotWare: 7.12.0
RobotControl: 7.12.0
Shutdown type: 1 mode: 1 reason: 1
Image lost in previous shutdown: no
Restart counter: 2
CFG counter value: 7692
Unfinished crit sec: 0

*** PF INFO ***
Time: Mon Apr  8 21:11:21 2024
System: C:/Users/milda/OneDrive/Desktop/GitHub/VRM_2024_Milos_Uhlir/project_1/Virtual Controllers/Controller2
RobotWare: 7.12.0
RobotControl: 7.12.0
Shutdown type: 1 mode: 1 reason: 1
Image lost in previous shutdown: no
Restart counter: 3
CFG counter value: 7755
Unfinished crit sec: 0

*** PF INFO ***
Time: Mon Apr  8 21:12:17 2024
System: C:/Users/milda/OneDrive/Desktop/GitHub/VRM_2024_Milos_Uhlir/project_1/Virtual Controllers/Controller2
RobotWare: 7.12.0
RobotControl: 7.12.0
Shutdown type: 1 mode: 1 reason: 1
Image lost in previous shutdown: no
Restart counter: 4
CFG counter value: 7818
Unfinished crit sec: 0

*** PF INFO ***
Time: Mon Apr  8 21:21:33 2024
System: C:/Users/milda/OneDrive/Desktop/GitHub/VRM_2024_Milos_Uhlir/project_1/Virtual Controllers/Controller2
RobotWare: 7.12.0
RobotControl: 7.12.0
Shutdown type: 1 mode: 1 reason: 1
Image lost in previous shutdown: no
Restart counter: 5
CFG counter value: 7927
Unfinished crit sec: 0

*** PF INFO ***
Time: Mon Apr  8 22:17:27 2024
System: C:/Users/milda/OneDrive/Desktop/GitHub/VRM_2024_Milos_Uhlir/project_1/Virtual Controllers/Controller2
RobotWare: 7.12.0
RobotControl: 7.12.0
Shutdown type: 1 mode: 1 reason: 1
Image lost in previous shutdown: no
Restart counter: 6
CFG counter value: 8457
Unfinished crit sec: 0

*** PF INFO ***
Time: Mon Apr  8 22:18:02 2024
System: C:/Users/milda/OneDrive/Desktop/GitHub/VRM_2024_Milos_Uhlir/project_1/Virtual Controllers/Controller2
RobotWare: 7.12.0
RobotControl: 7.12.0
Shutdown type: 1 mode: 1 reason: 1
Image lost in previous shutdown: no
Restart counter: 7
CFG counter value: 8991
Unfinished crit sec: 0

*** PF INFO ***
Time: Mon Apr  8 22:19:02 2024
System: C:/Users/milda/OneDrive/Desktop/GitHub/VRM_2024_Milos_Uhlir/project_1/Virtual Controllers/Controller2
RobotWare: 7.12.0
RobotControl: 7.12.0
Shutdown type: 1 mode: 1 reason: 1
Image lost in previous shutdown: no
Restart counter: 8
CFG counter value: 9054
Unfinished crit sec: 0

*** PF INFO ***
Time: Mon Apr  8 22:40:38 2024
System: C:/Users/milda/OneDrive/Desktop/GitHub/VRM_2024_Milos_Uhlir/project_1/Virtual Controllers/Controller2
RobotWare: 7.12.0
RobotControl: 7.12.0
Shutdown type: 1 mode: 1 reason: 1
Image lost in previous shutdown: no
Restart counter: 9
CFG counter value: 9140
Unfinished crit sec: 0

*** PF INFO ***
Time: Tue Apr  9 10:22:35 2024
System: C:/Users/milda/OneDrive/Desktop/GitHub/VRM_2024_Milos_Uhlir/project_1/Virtual Controllers/Controller2
RobotWare: 7.12.0
RobotControl: 7.12.0
Shutdown type: 1 mode: 1 reason: 1
Image lost in previous shutdown: no
Restart counter: 10
CFG counter value: 9226
Unfinished crit sec: 0

*** PF INFO ***
Time: Tue Apr  9 10:26:05 2024
System: C:/Users/milda/OneDrive/Desktop/GitHub/VRM_2024_Milos_Uhlir/project_1/Virtual Controllers/Controller2
RobotWare: 7.12.0
RobotControl: 7.12.0
Shutdown type: 1 mode: 1 reason: 1
Image lost in previous shutdown: no
Restart counter: 11
CFG counter value: 9289
Unfinished crit sec: 0

*** PF INFO ***
Time: Tue Apr  9 11:25:03 2024
System: C:/Users/milda/OneDrive/Desktop/GitHub/VRM_2024_Milos_Uhlir/project_1/Virtual Controllers/Controller2
RobotWare: 7.12.0
RobotControl: 7.12.0
Shutdown type: 1 mode: 1 reason: 1
Image lost in previous shutdown: no
Restart counter: 12
CFG counter value: 9375
Unfinished crit sec: 0

*** PF INFO ***
Time: Tue Apr  9 11:55:02 2024
System: C:/Users/milda/OneDrive/Desktop/GitHub/VRM_2024_Milos_Uhlir/project_1/Virtual Controllers/Controller2
RobotWare: 7.12.0
RobotControl: 7.12.0
Shutdown type: 1 mode: 1 reason: 1
Image lost in previous shutdown: no
Restart counter: 13
CFG counter value: 9438
Unfinished crit sec: 0

