*** PF INFO ***
Time: Sun Apr  7 12:37:06 2024
System: C:/Users/milda/OneDrive/Desktop/GitHub/VRM_2024_Milos_Uhlir/project_1/Virtual Controllers/Controller1
RobotWare: 7.12.0
RobotControl: 7.12.0
Shutdown type: 1 mode: 1 reason: 1
Image lost in previous shutdown: no
Restart counter: 0
CFG counter value: 7287
Unfinished crit sec: 0

*** PF INFO ***
Time: Sun Apr  7 17:58:58 2024
System: C:/Users/milda/OneDrive/Desktop/GitHub/VRM_2024_Milos_Uhlir/project_1/Virtual Controllers/Controller1
RobotWare: 7.12.0
RobotControl: 7.12.0
Shutdown type: 1 mode: 1 reason: 1
Image lost in previous shutdown: no
Restart counter: 1
CFG counter value: 7673
Unfinished crit sec: 0

*** PF INFO ***
Time: Mon Apr  8 21:07:38 2024
System: C:/Users/milda/OneDrive/Desktop/GitHub/VRM_2024_Milos_Uhlir/project_1/Virtual Controllers/Controller1
RobotWare: 7.12.0
RobotControl: 7.12.0
Shutdown type: 1 mode: 1 reason: 1
Image lost in previous shutdown: no
Restart counter: 2
CFG counter value: 7740
Unfinished crit sec: 0

*** PF INFO ***
Time: Mon Apr  8 22:13:40 2024
System: C:/Users/milda/OneDrive/Desktop/GitHub/VRM_2024_Milos_Uhlir/project_1/Virtual Controllers/Controller1
RobotWare: 7.12.0
RobotControl: 7.12.0
Shutdown type: 1 mode: 1 reason: 1
Image lost in previous shutdown: no
Restart counter: 3
CFG counter value: 7803
Unfinished crit sec: 0

*** PF INFO ***
Time: Mon Apr  8 22:15:52 2024
System: C:/Users/milda/OneDrive/Desktop/GitHub/VRM_2024_Milos_Uhlir/project_1/Virtual Controllers/Controller1
RobotWare: 7.12.0
RobotControl: 7.12.0
Shutdown type: 1 mode: 1 reason: 1
Image lost in previous shutdown: no
Restart counter: 4
CFG counter value: 7866
Unfinished crit sec: 0

*** PF INFO ***
Time: Mon Apr  8 23:32:37 2024
System: C:/Users/milda/OneDrive/Desktop/GitHub/VRM_2024_Milos_Uhlir/project_1/Virtual Controllers/Controller1
RobotWare: 7.12.0
RobotControl: 7.12.0
Shutdown type: 1 mode: 1 reason: 1
Image lost in previous shutdown: no
Restart counter: 5
CFG counter value: 8021
Unfinished crit sec: 0

*** PF INFO ***
Time: Tue Apr  9 10:22:26 2024
System: C:/Users/milda/OneDrive/Desktop/GitHub/VRM_2024_Milos_Uhlir/project_1/Virtual Controllers/Controller1
RobotWare: 7.12.0
RobotControl: 7.12.0
Shutdown type: 1 mode: 1 reason: 1
Image lost in previous shutdown: no
Restart counter: 6
CFG counter value: 8107
Unfinished crit sec: 0

*** PF INFO ***
Time: Tue Apr  9 11:55:02 2024
System: C:/Users/milda/OneDrive/Desktop/GitHub/VRM_2024_Milos_Uhlir/project_1/Virtual Controllers/Controller1
RobotWare: 7.12.0
RobotControl: 7.12.0
Shutdown type: 1 mode: 1 reason: 1
Image lost in previous shutdown: no
Restart counter: 7
CFG counter value: 8170
Unfinished crit sec: 0

