<9>Apr  7 12:37:07 Controller1 ABB-UAL:01:Security log file deleted by user|-|syslog.log not found|3420|00001|-|robot|syslog	1
<13>Apr  7 12:37:09 Controller1 ABB-UAL:01:Log-in successful|-|UAS_UID=65537|1110|00002|-|robot|NativeUser	2
<13>Apr  7 12:37:09 Controller1 ABB-UAL:01:Log-in successful|-|UAS_UID=131074|1110|00003|-|robot|NativeUser	3
<13>Apr  7 12:37:10 Controller1 ABB-UAL:01:Log-in successful|-|UAS_UID=196611|1110|00004|-|robot|NativeUser	4
<13>Apr  7 12:37:10 Controller1 ABB-UAL:01:Log-in successful|-|UAS_UID=262148|1110|00005|-|robot|NativeUser	5
<13>Apr  7 12:37:10 Controller1 ABB-UAL:01:Log-in successful|-|UAS_UID=327685|1110|00006|-|robot|NativeUser	6
<13>Apr  7 12:37:10 Controller1 ABB-UAL:01:Log-in successful|-|UAS_UID=393222|1110|00007|-|robot|NativeUser	7
<13>Apr  7 12:37:10 Controller1 ABB-UAL:01:Log-in successful|-|UAS_UID=458759|1110|00008|-|robot|NativeUser	8
<13>Apr  7 12:37:18 Controller1 ABB-UAL:01:Log-in successful|-|UAS_UID=524296|1110|00009|-|robot|Admin	9
<13>Apr  7 12:37:18 Controller1 ABB-UAL:01:Log-in successful|-|UAS_UID=589833|1110|00010|-|robot|Admin	10
<13>Apr  7 17:58:58 Controller1 ABB-UAL:01:Control system restarted|-|restart warmstart|5150|00011|-|robot|524296	11
<13>Apr  7 17:59:04 Controller1 ABB-UAL:01:Log-in successful|-|UAS_UID=65537|1110|00012|-|robot|NativeUser	12
<13>Apr  7 17:59:05 Controller1 ABB-UAL:01:Log-in successful|-|UAS_UID=131074|1110|00013|-|robot|NativeUser	13
<13>Apr  7 17:59:05 Controller1 ABB-UAL:01:Log-in successful|-|UAS_UID=196611|1110|00014|-|robot|NativeUser	14
<13>Apr  7 17:59:05 Controller1 ABB-UAL:01:Log-in successful|-|UAS_UID=262148|1110|00015|-|robot|NativeUser	15
<13>Apr  7 17:59:05 Controller1 ABB-UAL:01:Log-in successful|-|UAS_UID=327685|1110|00016|-|robot|NativeUser	16
<13>Apr  7 17:59:05 Controller1 ABB-UAL:01:Log-in successful|-|UAS_UID=393222|1110|00017|-|robot|NativeUser	17
<13>Apr  7 17:59:11 Controller1 ABB-UAL:01:Log-in successful|-|UAS_UID=458759|1110|00018|-|robot|Admin	18
<13>Apr  7 17:59:11 Controller1 ABB-UAL:01:Log-in successful|-|UAS_UID=524296|1110|00019|-|robot|Admin	19
<13>Apr  8 07:47:53 Controller1 ABB-UAL:01:Log-out (user logged out)|-|UAS_UID=458759|1210|00020|-|robot|	20
<13>Apr  8 07:47:53 Controller1 ABB-UAL:01:Log-out (user logged out)|-|Socket=576|1210|00021|-|robot|	21
<13>Apr  8 07:47:53 Controller1 ABB-UAL:01:Log-out (user logged out)|-|UAS_UID=524296|1210|00022|-|robot|	22
<13>Apr  8 07:48:38 Controller1 ABB-UAL:01:Log-in successful|-|UAS_UID=589831|1110|00023|-|robot|Admin	23
<13>Apr  8 07:48:38 Controller1 ABB-UAL:01:Log-in successful|-|UAS_UID=655368|1110|00024|-|robot|Admin	24
<13>Apr  8 12:14:13 Controller1 ABB-UAL:01:Log-out (user logged out)|-|UAS_UID=655368|1210|00025|-|robot|	25
<13>Apr  8 12:14:13 Controller1 ABB-UAL:01:Log-out (user logged out)|-|UAS_UID=589831|1210|00026|-|robot|	26
<13>Apr  8 12:14:13 Controller1 ABB-UAL:01:Log-out (user logged out)|-|Socket=3140|1210|00027|-|robot|	27
<13>Apr  8 12:15:05 Controller1 ABB-UAL:01:Log-in successful|-|UAS_UID=720903|1110|00028|-|robot|Admin	28
<13>Apr  8 12:15:05 Controller1 ABB-UAL:01:Log-in successful|-|UAS_UID=786440|1110|00029|-|robot|Admin	29
<13>Apr  8 15:16:11 Controller1 ABB-UAL:01:Log-out (user logged out)|-|UAS_UID=786440|1210|00030|-|robot|	30
<13>Apr  8 15:16:11 Controller1 ABB-UAL:01:Log-out (user logged out)|-|UAS_UID=720903|1210|00031|-|robot|	31
<13>Apr  8 15:16:11 Controller1 ABB-UAL:01:Log-out (user logged out)|-|Socket=3140|1210|00032|-|robot|	32
<13>Apr  8 15:16:59 Controller1 ABB-UAL:01:Log-in successful|-|UAS_UID=851975|1110|00033|-|robot|Admin	33
<13>Apr  8 15:16:59 Controller1 ABB-UAL:01:Log-in successful|-|UAS_UID=917512|1110|00034|-|robot|Admin	34
<13>Apr  8 17:02:56 Controller1 ABB-UAL:01:Log-out (user logged out)|-|UAS_UID=917512|1210|00035|-|robot|	35
<13>Apr  8 17:02:56 Controller1 ABB-UAL:01:Log-out (user logged out)|-|UAS_UID=851975|1210|00036|-|robot|	36
<13>Apr  8 17:02:56 Controller1 ABB-UAL:01:Log-out (user logged out)|-|Socket=3140|1210|00037|-|robot|	37
<13>Apr  8 17:03:32 Controller1 ABB-UAL:01:Log-in successful|-|UAS_UID=983047|1110|00038|-|robot|Admin	38
<13>Apr  8 17:03:47 Controller1 ABB-UAL:01:Log-in successful|-|UAS_UID=1048584|1110|00039|-|robot|Admin	39
<13>Apr  8 17:03:47 Controller1 ABB-UAL:01:Log-in successful|-|UAS_UID=1114121|1110|00040|-|robot|Admin	40
<13>Apr  8 17:08:32 Controller1 ABB-UAL:01:Log-out (user logged out)|-|UAS_UID=983047|1210|00041|-|robot|	41
<13>Apr  8 21:07:38 Controller1 ABB-UAL:01:Control system restarted|-|restart warmstart|5150|00042|-|robot|1048584	42
<13>Apr  8 21:07:41 Controller1 ABB-UAL:01:Log-in successful|-|UAS_UID=65537|1110|00043|-|robot|NativeUser	43
<13>Apr  8 21:07:41 Controller1 ABB-UAL:01:Log-in successful|-|UAS_UID=131074|1110|00044|-|robot|NativeUser	44
<13>Apr  8 21:07:41 Controller1 ABB-UAL:01:Log-in successful|-|UAS_UID=196611|1110|00045|-|robot|NativeUser	45
<13>Apr  8 21:07:41 Controller1 ABB-UAL:01:Log-in successful|-|UAS_UID=262148|1110|00046|-|robot|NativeUser	46
<13>Apr  8 21:07:41 Controller1 ABB-UAL:01:Log-in successful|-|UAS_UID=327685|1110|00047|-|robot|NativeUser	47
<13>Apr  8 21:07:41 Controller1 ABB-UAL:01:Log-in successful|-|UAS_UID=393222|1110|00048|-|robot|NativeUser	48
<13>Apr  8 21:07:46 Controller1 ABB-UAL:01:Log-in successful|-|UAS_UID=458759|1110|00049|-|robot|Admin	49
<13>Apr  8 21:07:46 Controller1 ABB-UAL:01:Log-in successful|-|UAS_UID=524296|1110|00050|-|robot|Admin	50
<13>Apr  8 22:13:40 Controller1 ABB-UAL:01:Control system restarted|-|restart warmstart|5150|00051|-|robot|458759	51
<13>Apr  8 22:13:45 Controller1 ABB-UAL:01:Log-in successful|-|UAS_UID=65537|1110|00052|-|robot|NativeUser	52
<13>Apr  8 22:13:45 Controller1 ABB-UAL:01:Log-in successful|-|UAS_UID=131074|1110|00053|-|robot|NativeUser	53
<13>Apr  8 22:13:46 Controller1 ABB-UAL:01:Log-in successful|-|UAS_UID=196611|1110|00054|-|robot|NativeUser	54
<13>Apr  8 22:13:46 Controller1 ABB-UAL:01:Log-in successful|-|UAS_UID=262148|1110|00055|-|robot|NativeUser	55
<13>Apr  8 22:13:46 Controller1 ABB-UAL:01:Log-in successful|-|UAS_UID=327685|1110|00056|-|robot|NativeUser	56
<13>Apr  8 22:13:46 Controller1 ABB-UAL:01:Log-in successful|-|UAS_UID=393222|1110|00057|-|robot|NativeUser	57
<13>Apr  8 22:13:51 Controller1 ABB-UAL:01:Log-in successful|-|UAS_UID=458759|1110|00058|-|robot|Admin	58
<13>Apr  8 22:13:51 Controller1 ABB-UAL:01:Log-in successful|-|UAS_UID=524296|1110|00059|-|robot|Admin	59
<13>Apr  8 22:19:43 Controller1 ABB-UAL:01:Log-in successful|-|UAS_UID=65537|1110|00060|-|robot|NativeUser	60
<13>Apr  8 22:19:43 Controller1 ABB-UAL:01:Log-in successful|-|UAS_UID=131074|1110|00061|-|robot|NativeUser	61
<13>Apr  8 22:19:43 Controller1 ABB-UAL:01:Log-in successful|-|UAS_UID=196611|1110|00062|-|robot|NativeUser	62
<13>Apr  8 22:19:43 Controller1 ABB-UAL:01:Log-in successful|-|UAS_UID=262148|1110|00063|-|robot|NativeUser	63
<13>Apr  8 22:19:43 Controller1 ABB-UAL:01:Log-in successful|-|UAS_UID=327685|1110|00064|-|robot|NativeUser	64
<13>Apr  8 22:19:43 Controller1 ABB-UAL:01:Log-in successful|-|UAS_UID=393222|1110|00065|-|robot|NativeUser	65
<13>Apr  8 22:19:46 Controller1 ABB-UAL:01:Log-in successful|-|UAS_UID=458759|1110|00066|-|robot|Admin	66
<13>Apr  8 22:19:46 Controller1 ABB-UAL:01:Log-in successful|-|UAS_UID=524296|1110|00067|-|robot|Admin	67
<13>Apr  8 23:32:37 Controller1 ABB-UAL:01:Control system restarted|-|restart warmstart|5150|00068|-|robot|458759	68
<13>Apr  8 23:32:40 Controller1 ABB-UAL:01:Log-in successful|-|UAS_UID=65537|1110|00069|-|robot|NativeUser	69
<13>Apr  8 23:32:40 Controller1 ABB-UAL:01:Log-in successful|-|UAS_UID=131074|1110|00070|-|robot|NativeUser	70
<13>Apr  8 23:32:40 Controller1 ABB-UAL:01:Log-in successful|-|UAS_UID=196611|1110|00071|-|robot|NativeUser	71
<13>Apr  8 23:32:41 Controller1 ABB-UAL:01:Log-in successful|-|UAS_UID=262148|1110|00072|-|robot|NativeUser	72
<13>Apr  8 23:32:41 Controller1 ABB-UAL:01:Log-in successful|-|UAS_UID=327685|1110|00073|-|robot|NativeUser	73
<13>Apr  8 23:32:41 Controller1 ABB-UAL:01:Log-in successful|-|UAS_UID=393222|1110|00074|-|robot|NativeUser	74
<13>Apr  8 23:32:45 Controller1 ABB-UAL:01:Log-in successful|-|UAS_UID=458759|1110|00075|-|robot|Admin	75
<13>Apr  8 23:32:45 Controller1 ABB-UAL:01:Log-in successful|-|UAS_UID=524296|1110|00076|-|robot|Admin	76
<13>Apr  9 10:15:32 Controller1 ABB-UAL:01:Log-out (user logged out)|-|UAS_UID=524296|1210|00077|-|robot|	77
<13>Apr  9 10:15:32 Controller1 ABB-UAL:01:Log-out (user logged out)|-|UAS_UID=458759|1210|00078|-|robot|	78
<13>Apr  9 10:15:32 Controller1 ABB-UAL:01:Log-out (user logged out)|-|Socket=392|1210|00079|-|robot|	79
<13>Apr  9 10:16:20 Controller1 ABB-UAL:01:Log-in successful|-|UAS_UID=589831|1110|00080|-|robot|Admin	80
<13>Apr  9 10:16:21 Controller1 ABB-UAL:01:Log-in successful|-|UAS_UID=655368|1110|00081|-|robot|Admin	81
<13>Apr  9 10:22:26 Controller1 ABB-UAL:01:Control system restarted|-|restart warmstart|5150|00082|-|robot|589831	82
<13>Apr  9 10:22:31 Controller1 ABB-UAL:01:Log-in successful|-|UAS_UID=65537|1110|00083|-|robot|NativeUser	83
<13>Apr  9 10:22:31 Controller1 ABB-UAL:01:Log-in successful|-|UAS_UID=131074|1110|00084|-|robot|NativeUser	84
<13>Apr  9 10:22:32 Controller1 ABB-UAL:01:Log-in successful|-|UAS_UID=196611|1110|00085|-|robot|NativeUser	85
<13>Apr  9 10:22:32 Controller1 ABB-UAL:01:Log-in successful|-|UAS_UID=262148|1110|00086|-|robot|NativeUser	86
<13>Apr  9 10:22:32 Controller1 ABB-UAL:01:Log-in successful|-|UAS_UID=327685|1110|00087|-|robot|NativeUser	87
<13>Apr  9 10:22:32 Controller1 ABB-UAL:01:Log-in successful|-|UAS_UID=393222|1110|00088|-|robot|NativeUser	88
<13>Apr  9 10:22:37 Controller1 ABB-UAL:01:Log-in successful|-|UAS_UID=458759|1110|00089|-|robot|Admin	89
<13>Apr  9 10:22:37 Controller1 ABB-UAL:01:Log-in successful|-|UAS_UID=524296|1110|00090|-|robot|Admin	90
<13>Apr  9 11:55:01 Controller1 ABB-UAL:01:Log-out (user logged out)|-|UAS_UID=524296|1210|00091|-|robot|	91
<13>Apr  9 11:55:01 Controller1 ABB-UAL:01:Log-out (user logged out)|-|UAS_UID=458759|1210|00092|-|robot|	92
<13>Apr  9 11:55:01 Controller1 ABB-UAL:01:Log-out (user logged out)|-|Socket=576|1210|00093|-|robot|	93
-----BEGIN DIGEST-----
VDZ28esENtsoDUzWiPabh59f3OnwFF09bp9RbHoEg4mid2twWUzkVl6j9kodEl+AY9ATwQ==
-----END DIGEST-----
